# JRE version: OpenJDK Runtime Environment Temurin-11.0.17+8 (11.0.17+8) (build 11.0.17+8)
# Java VM: OpenJDK 64-Bit Server VM Temurin-11.0.17+8 (11.0.17+8, mixed mode, tiered, compressed oops, g1 gc, bsd-amd64)
Heap:
 garbage-first heap   total 495616K, used 150503K [0x0000000600000000, 0x0000000800000000)
  region size 2048K, 66 young (135168K), 1 survivors (2048K)
 Metaspace       used 25793K, capacity 26252K, committed 26624K, reserved 1073152K
  class space    used 2578K, capacity 2764K, committed 2816K, reserved 1048576K
GC Heap History (20 events):
Event: 4.666 GC heap before
{Heap before GC invocations=19 (full 2):
 garbage-first heap   total 276480K, used 125802K [0x0000000600000000, 0x0000000800000000)
  region size 2048K, 53 young (108544K), 1 survivors (2048K)
 Metaspace       used 25361K, capacity 25868K, committed 26368K, reserved 1073152K
  class space    used 2574K, capacity 2764K, committed 2816K, reserved 1048576K
}
Event: 4.671 GC heap after
{Heap after GC invocations=20 (full 2):
 garbage-first heap   total 276480K, used 19358K [0x0000000600000000, 0x0000000800000000)
  region size 2048K, 1 young (2048K), 1 survivors (2048K)
 Metaspace       used 25361K, capacity 25868K, committed 26368K, reserved 1073152K
  class space    used 2574K, capacity 2764K, committed 2816K, reserved 1048576K
}
Event: 5.163 GC heap before
{Heap before GC invocations=20 (full 2):
 garbage-first heap   total 276480K, used 158622K [0x0000000600000000, 0x0000000800000000)
  region size 2048K, 69 young (141312K), 1 survivors (2048K)
 Metaspace       used 25423K, capacity 25868K, committed 26368K, reserved 1073152K
  class space    used 2574K, capacity 2764K, committed 2816K, reserved 1048576K
}
Event: 5.167 GC heap after
{Heap after GC invocations=21 (full 2):
 garbage-first heap   total 276480K, used 19395K [0x0000000600000000, 0x0000000800000000)
  region size 2048K, 1 young (2048K), 1 survivors (2048K)
 Metaspace       used 25423K, capacity 25868K, committed 26368K, reserved 1073152K
  class space    used 2574K, capacity 2764K, committed 2816K, reserved 1048576K
}
Event: 5.703 GC heap before
{Heap before GC invocations=21 (full 2):
 garbage-first heap   total 276480K, used 181187K [0x0000000600000000, 0x0000000800000000)
  region size 2048K, 80 young (163840K), 1 survivors (2048K)
 Metaspace       used 25458K, capacity 25996K, committed 26368K, reserved 1073152K
  class space    used 2574K, capacity 2764K, committed 2816K, reserved 1048576K
}
Event: 5.708 GC heap after
{Heap after GC invocations=22 (full 2):
 garbage-first heap   total 276480K, used 19360K [0x0000000600000000, 0x0000000800000000)
  region size 2048K, 1 young (2048K), 1 survivors (2048K)
 Metaspace       used 25458K, capacity 25996K, committed 26368K, reserved 1073152K
  class space    used 2574K, capacity 2764K, committed 2816K, reserved 1048576K
}
Event: 6.227 GC heap before
{Heap before GC invocations=22 (full 2):
 garbage-first heap   total 276480K, used 183200K [0x0000000600000000, 0x0000000800000000)
  region size 2048K, 81 young (165888K), 1 survivors (2048K)
 Metaspace       used 25511K, capacity 26060K, committed 26368K, reserved 1073152K
  class space    used 2574K, capacity 2764K, committed 2816K, reserved 1048576K
}
Event: 6.232 GC heap after
{Heap after GC invocations=23 (full 2):
 garbage-first heap   total 411648K, used 19362K [0x0000000600000000, 0x0000000800000000)
  region size 2048K, 1 young (2048K), 1 survivors (2048K)
 Metaspace       used 25511K, capacity 26060K, committed 26368K, reserved 1073152K
  class space    used 2574K, capacity 2764K, committed 2816K, reserved 1048576K
}
Event: 6.916 GC heap before
{Heap before GC invocations=23 (full 2):
 garbage-first heap   total 411648K, used 234402K [0x0000000600000000, 0x0000000800000000)
  region size 2048K, 106 young (217088K), 1 survivors (2048K)
 Metaspace       used 25621K, capacity 26124K, committed 26624K, reserved 1073152K
  class space    used 2576K, capacity 2764K, committed 2816K, reserved 1048576K
}
Event: 6.922 GC heap after
{Heap after GC invocations=24 (full 2):
 garbage-first heap   total 411648K, used 19344K [0x0000000600000000, 0x0000000800000000)
  region size 2048K, 1 young (2048K), 1 survivors (2048K)
 Metaspace       used 25621K, capacity 26124K, committed 26624K, reserved 1073152K
  class space    used 2576K, capacity 2764K, committed 2816K, reserved 1048576K
}
Event: 7.599 GC heap before
{Heap before GC invocations=24 (full 2):
 garbage-first heap   total 411648K, used 263056K [0x0000000600000000, 0x0000000800000000)
  region size 2048K, 120 young (245760K), 1 survivors (2048K)
 Metaspace       used 25632K, capacity 26124K, committed 26624K, reserved 1073152K
  class space    used 2576K, capacity 2764K, committed 2816K, reserved 1048576K
}
Event: 7.606 GC heap after
{Heap after GC invocations=25 (full 2):
 garbage-first heap   total 411648K, used 19381K [0x0000000600000000, 0x0000000800000000)
  region size 2048K, 1 young (2048K), 1 survivors (2048K)
 Metaspace       used 25632K, capacity 26124K, committed 26624K, reserved 1073152K
  class space    used 2576K, capacity 2764K, committed 2816K, reserved 1048576K
}
Event: 8.261 GC heap before
{Heap before GC invocations=25 (full 2):
 garbage-first heap   total 411648K, used 263093K [0x0000000600000000, 0x0000000800000000)
  region size 2048K, 120 young (245760K), 1 survivors (2048K)
 Metaspace       used 25666K, capacity 26188K, committed 26624K, reserved 1073152K
  class space    used 2576K, capacity 2764K, committed 2816K, reserved 1048576K
}
Event: 8.267 GC heap after
{Heap after GC invocations=26 (full 2):
 garbage-first heap   total 411648K, used 19365K [0x0000000600000000, 0x0000000800000000)
  region size 2048K, 1 young (2048K), 1 survivors (2048K)
 Metaspace       used 25666K, capacity 26188K, committed 26624K, reserved 1073152K
  class space    used 2576K, capacity 2764K, committed 2816K, reserved 1048576K
}
Event: 8.951 GC heap before
{Heap before GC invocations=26 (full 2):
 garbage-first heap   total 411648K, used 263077K [0x0000000600000000, 0x0000000800000000)
  region size 2048K, 120 young (245760K), 1 survivors (2048K)
 Metaspace       used 25714K, capacity 26188K, committed 26624K, reserved 1073152K
  class space    used 2576K, capacity 2764K, committed 2816K, reserved 1048576K
}
Event: 8.958 GC heap after
{Heap after GC invocations=27 (full 2):
 garbage-first heap   total 495616K, used 19324K [0x0000000600000000, 0x0000000800000000)
  region size 2048K, 1 young (2048K), 1 survivors (2048K)
 Metaspace       used 25714K, capacity 26188K, committed 26624K, reserved 1073152K
  class space    used 2576K, capacity 2764K, committed 2816K, reserved 1048576K
}
Event: 9.753 GC heap before
{Heap before GC invocations=27 (full 2):
 garbage-first heap   total 495616K, used 314236K [0x0000000600000000, 0x0000000800000000)
  region size 2048K, 145 young (296960K), 1 survivors (2048K)
 Metaspace       used 25725K, capacity 26252K, committed 26624K, reserved 1073152K
  class space    used 2576K, capacity 2764K, committed 2816K, reserved 1048576K
}
Event: 9.761 GC heap after
{Heap after GC invocations=28 (full 2):
 garbage-first heap   total 495616K, used 19432K [0x0000000600000000, 0x0000000800000000)
  region size 2048K, 1 young (2048K), 1 survivors (2048K)
 Metaspace       used 25725K, capacity 26252K, committed 26624K, reserved 1073152K
  class space    used 2576K, capacity 2764K, committed 2816K, reserved 1048576K
}
Event: 10.538 GC heap before
{Heap before GC invocations=28 (full 2):
 garbage-first heap   total 495616K, used 314344K [0x0000000600000000, 0x0000000800000000)
  region size 2048K, 145 young (296960K), 1 survivors (2048K)
 Metaspace       used 25734K, capacity 26252K, committed 26624K, reserved 1073152K
  class space    used 2576K, capacity 2764K, committed 2816K, reserved 1048576K
}
Event: 10.547 GC heap after
{Heap after GC invocations=29 (full 2):
 garbage-first heap   total 495616K, used 19431K [0x0000000600000000, 0x0000000800000000)
  region size 2048K, 1 young (2048K), 1 survivors (2048K)
 Metaspace       used 25734K, capacity 26252K, committed 26624K, reserved 1073152K
  class space    used 2576K, capacity 2764K, committed 2816K, reserved 1048576K
}

