# JRE version: OpenJDK Runtime Environment Temurin-11.0.17+8 (11.0.17+8) (build 11.0.17+8)
# Java VM: OpenJDK 64-Bit Server VM Temurin-11.0.17+8 (11.0.17+8, mixed mode, tiered, compressed oops, g1 gc, bsd-amd64)
Heap:
 garbage-first heap   total 509952K, used 105832K [0x0000000600000000, 0x0000000800000000)
  region size 2048K, 49 young (100352K), 1 survivors (2048K)
 Metaspace       used 25638K, capacity 26181K, committed 26624K, reserved 1073152K
  class space    used 2562K, capacity 2763K, committed 2816K, reserved 1048576K
GC Heap History (20 events):
Event: 9.991 GC heap before
{Heap before GC invocations=25 (full 2):
 garbage-first heap   total 509952K, used 312624K [0x0000000600000000, 0x0000000800000000)
  region size 2048K, 149 young (305152K), 1 survivors (2048K)
 Metaspace       used 25587K, capacity 26053K, committed 26624K, reserved 1073152K
  class space    used 2560K, capacity 2763K, committed 2816K, reserved 1048576K
}
Event: 9.995 GC heap after
{Heap after GC invocations=26 (full 2):
 garbage-first heap   total 509952K, used 9529K [0x0000000600000000, 0x0000000800000000)
  region size 2048K, 1 young (2048K), 1 survivors (2048K)
 Metaspace       used 25587K, capacity 26053K, committed 26624K, reserved 1073152K
  class space    used 2560K, capacity 2763K, committed 2816K, reserved 1048576K
}
Event: 10.572 GC heap before
{Heap before GC invocations=26 (full 2):
 garbage-first heap   total 509952K, used 312633K [0x0000000600000000, 0x0000000800000000)
  region size 2048K, 149 young (305152K), 1 survivors (2048K)
 Metaspace       used 25594K, capacity 26117K, committed 26624K, reserved 1073152K
  class space    used 2560K, capacity 2763K, committed 2816K, reserved 1048576K
}
Event: 10.575 GC heap after
{Heap after GC invocations=27 (full 2):
 garbage-first heap   total 509952K, used 9539K [0x0000000600000000, 0x0000000800000000)
  region size 2048K, 1 young (2048K), 1 survivors (2048K)
 Metaspace       used 25594K, capacity 26117K, committed 26624K, reserved 1073152K
  class space    used 2560K, capacity 2763K, committed 2816K, reserved 1048576K
}
Event: 11.156 GC heap before
{Heap before GC invocations=27 (full 2):
 garbage-first heap   total 509952K, used 312643K [0x0000000600000000, 0x0000000800000000)
  region size 2048K, 149 young (305152K), 1 survivors (2048K)
 Metaspace       used 25595K, capacity 26117K, committed 26624K, reserved 1073152K
  class space    used 2560K, capacity 2763K, committed 2816K, reserved 1048576K
}
Event: 11.160 GC heap after
{Heap after GC invocations=28 (full 2):
 garbage-first heap   total 509952K, used 9542K [0x0000000600000000, 0x0000000800000000)
  region size 2048K, 1 young (2048K), 1 survivors (2048K)
 Metaspace       used 25595K, capacity 26117K, committed 26624K, reserved 1073152K
  class space    used 2560K, capacity 2763K, committed 2816K, reserved 1048576K
}
Event: 11.751 GC heap before
{Heap before GC invocations=28 (full 2):
 garbage-first heap   total 509952K, used 312646K [0x0000000600000000, 0x0000000800000000)
  region size 2048K, 149 young (305152K), 1 survivors (2048K)
 Metaspace       used 25598K, capacity 26117K, committed 26624K, reserved 1073152K
  class space    used 2560K, capacity 2763K, committed 2816K, reserved 1048576K
}
Event: 11.757 GC heap after
{Heap after GC invocations=29 (full 2):
 garbage-first heap   total 509952K, used 9550K [0x0000000600000000, 0x0000000800000000)
  region size 2048K, 1 young (2048K), 1 survivors (2048K)
 Metaspace       used 25598K, capacity 26117K, committed 26624K, reserved 1073152K
  class space    used 2560K, capacity 2763K, committed 2816K, reserved 1048576K
}
Event: 12.341 GC heap before
{Heap before GC invocations=29 (full 2):
 garbage-first heap   total 509952K, used 312654K [0x0000000600000000, 0x0000000800000000)
  region size 2048K, 149 young (305152K), 1 survivors (2048K)
 Metaspace       used 25603K, capacity 26117K, committed 26624K, reserved 1073152K
  class space    used 2560K, capacity 2763K, committed 2816K, reserved 1048576K
}
Event: 12.345 GC heap after
{Heap after GC invocations=30 (full 2):
 garbage-first heap   total 509952K, used 9547K [0x0000000600000000, 0x0000000800000000)
  region size 2048K, 1 young (2048K), 1 survivors (2048K)
 Metaspace       used 25603K, capacity 26117K, committed 26624K, reserved 1073152K
  class space    used 2560K, capacity 2763K, committed 2816K, reserved 1048576K
}
Event: 12.957 GC heap before
{Heap before GC invocations=30 (full 2):
 garbage-first heap   total 509952K, used 312651K [0x0000000600000000, 0x0000000800000000)
  region size 2048K, 149 young (305152K), 1 survivors (2048K)
 Metaspace       used 25613K, capacity 26181K, committed 26624K, reserved 1073152K
  class space    used 2560K, capacity 2763K, committed 2816K, reserved 1048576K
}
Event: 12.960 GC heap after
{Heap after GC invocations=31 (full 2):
 garbage-first heap   total 509952K, used 9559K [0x0000000600000000, 0x0000000800000000)
  region size 2048K, 1 young (2048K), 1 survivors (2048K)
 Metaspace       used 25613K, capacity 26181K, committed 26624K, reserved 1073152K
  class space    used 2560K, capacity 2763K, committed 2816K, reserved 1048576K
}
Event: 13.556 GC heap before
{Heap before GC invocations=31 (full 2):
 garbage-first heap   total 509952K, used 312663K [0x0000000600000000, 0x0000000800000000)
  region size 2048K, 149 young (305152K), 1 survivors (2048K)
 Metaspace       used 25613K, capacity 26181K, committed 26624K, reserved 1073152K
  class space    used 2560K, capacity 2763K, committed 2816K, reserved 1048576K
}
Event: 13.559 GC heap after
{Heap after GC invocations=32 (full 2):
 garbage-first heap   total 509952K, used 9566K [0x0000000600000000, 0x0000000800000000)
  region size 2048K, 1 young (2048K), 1 survivors (2048K)
 Metaspace       used 25613K, capacity 26181K, committed 26624K, reserved 1073152K
  class space    used 2560K, capacity 2763K, committed 2816K, reserved 1048576K
}
Event: 14.154 GC heap before
{Heap before GC invocations=32 (full 2):
 garbage-first heap   total 509952K, used 312670K [0x0000000600000000, 0x0000000800000000)
  region size 2048K, 149 young (305152K), 1 survivors (2048K)
 Metaspace       used 25613K, capacity 26181K, committed 26624K, reserved 1073152K
  class space    used 2560K, capacity 2763K, committed 2816K, reserved 1048576K
}
Event: 14.155 GC heap after
{Heap after GC invocations=33 (full 2):
 garbage-first heap   total 509952K, used 9572K [0x0000000600000000, 0x0000000800000000)
  region size 2048K, 1 young (2048K), 1 survivors (2048K)
 Metaspace       used 25613K, capacity 26181K, committed 26624K, reserved 1073152K
  class space    used 2560K, capacity 2763K, committed 2816K, reserved 1048576K
}
Event: 14.770 GC heap before
{Heap before GC invocations=33 (full 2):
 garbage-first heap   total 509952K, used 312676K [0x0000000600000000, 0x0000000800000000)
  region size 2048K, 149 young (305152K), 1 survivors (2048K)
 Metaspace       used 25618K, capacity 26181K, committed 26624K, reserved 1073152K
  class space    used 2561K, capacity 2763K, committed 2816K, reserved 1048576K
}
Event: 14.772 GC heap after
{Heap after GC invocations=34 (full 2):
 garbage-first heap   total 509952K, used 9573K [0x0000000600000000, 0x0000000800000000)
  region size 2048K, 1 young (2048K), 1 survivors (2048K)
 Metaspace       used 25618K, capacity 26181K, committed 26624K, reserved 1073152K
  class space    used 2561K, capacity 2763K, committed 2816K, reserved 1048576K
}
Event: 15.356 GC heap before
{Heap before GC invocations=34 (full 2):
 garbage-first heap   total 509952K, used 312677K [0x0000000600000000, 0x0000000800000000)
  region size 2048K, 149 young (305152K), 1 survivors (2048K)
 Metaspace       used 25618K, capacity 26181K, committed 26624K, reserved 1073152K
  class space    used 2561K, capacity 2763K, committed 2816K, reserved 1048576K
}
Event: 15.358 GC heap after
{Heap after GC invocations=35 (full 2):
 garbage-first heap   total 509952K, used 9576K [0x0000000600000000, 0x0000000800000000)
  region size 2048K, 1 young (2048K), 1 survivors (2048K)
 Metaspace       used 25618K, capacity 26181K, committed 26624K, reserved 1073152K
  class space    used 2561K, capacity 2763K, committed 2816K, reserved 1048576K
}

