# JRE version: OpenJDK Runtime Environment Temurin-11.0.17+8 (11.0.17+8) (build 11.0.17+8)
# Java VM: OpenJDK 64-Bit Server VM Temurin-11.0.17+8 (11.0.17+8, mixed mode, tiered, compressed oops, g1 gc, bsd-amd64)
Heap:
 garbage-first heap   total 409600K, used 241513K [0x0000000600000000, 0x0000000800000000)
  region size 2048K, 108 young (221184K), 1 survivors (2048K)
 Metaspace       used 26584K, capacity 27115K, committed 27520K, reserved 1073152K
  class space    used 2635K, capacity 2840K, committed 2944K, reserved 1048576K
GC Heap History (20 events):
Event: 21.874 GC heap before
{Heap before GC invocations=37 (full 2):
 garbage-first heap   total 409600K, used 268046K [0x0000000600000000, 0x0000000800000000)
  region size 2048K, 120 young (245760K), 1 survivors (2048K)
 Metaspace       used 26538K, capacity 27115K, committed 27520K, reserved 1073152K
  class space    used 2634K, capacity 2840K, committed 2944K, reserved 1048576K
}
Event: 21.878 GC heap after
{Heap after GC invocations=38 (full 2):
 garbage-first heap   total 409600K, used 24348K [0x0000000600000000, 0x0000000800000000)
  region size 2048K, 1 young (2048K), 1 survivors (2048K)
 Metaspace       used 26538K, capacity 27115K, committed 27520K, reserved 1073152K
  class space    used 2634K, capacity 2840K, committed 2944K, reserved 1048576K
}
Event: 22.586 GC heap before
{Heap before GC invocations=38 (full 2):
 garbage-first heap   total 409600K, used 268060K [0x0000000600000000, 0x0000000800000000)
  region size 2048K, 120 young (245760K), 1 survivors (2048K)
 Metaspace       used 26538K, capacity 27115K, committed 27520K, reserved 1073152K
  class space    used 2634K, capacity 2840K, committed 2944K, reserved 1048576K
}
Event: 22.590 GC heap after
{Heap after GC invocations=39 (full 2):
 garbage-first heap   total 409600K, used 24327K [0x0000000600000000, 0x0000000800000000)
  region size 2048K, 1 young (2048K), 1 survivors (2048K)
 Metaspace       used 26538K, capacity 27115K, committed 27520K, reserved 1073152K
  class space    used 2634K, capacity 2840K, committed 2944K, reserved 1048576K
}
Event: 23.305 GC heap before
{Heap before GC invocations=39 (full 2):
 garbage-first heap   total 409600K, used 268039K [0x0000000600000000, 0x0000000800000000)
  region size 2048K, 120 young (245760K), 1 survivors (2048K)
 Metaspace       used 26538K, capacity 27115K, committed 27520K, reserved 1073152K
  class space    used 2634K, capacity 2840K, committed 2944K, reserved 1048576K
}
Event: 23.310 GC heap after
{Heap after GC invocations=40 (full 2):
 garbage-first heap   total 409600K, used 24342K [0x0000000600000000, 0x0000000800000000)
  region size 2048K, 1 young (2048K), 1 survivors (2048K)
 Metaspace       used 26538K, capacity 27115K, committed 27520K, reserved 1073152K
  class space    used 2634K, capacity 2840K, committed 2944K, reserved 1048576K
}
Event: 24.042 GC heap before
{Heap before GC invocations=40 (full 2):
 garbage-first heap   total 409600K, used 268054K [0x0000000600000000, 0x0000000800000000)
  region size 2048K, 120 young (245760K), 1 survivors (2048K)
 Metaspace       used 26538K, capacity 27115K, committed 27520K, reserved 1073152K
  class space    used 2634K, capacity 2840K, committed 2944K, reserved 1048576K
}
Event: 24.044 GC heap after
{Heap after GC invocations=41 (full 2):
 garbage-first heap   total 409600K, used 24366K [0x0000000600000000, 0x0000000800000000)
  region size 2048K, 1 young (2048K), 1 survivors (2048K)
 Metaspace       used 26538K, capacity 27115K, committed 27520K, reserved 1073152K
  class space    used 2634K, capacity 2840K, committed 2944K, reserved 1048576K
}
Event: 24.734 GC heap before
{Heap before GC invocations=41 (full 2):
 garbage-first heap   total 409600K, used 268078K [0x0000000600000000, 0x0000000800000000)
  region size 2048K, 120 young (245760K), 1 survivors (2048K)
 Metaspace       used 26538K, capacity 27115K, committed 27520K, reserved 1073152K
  class space    used 2634K, capacity 2840K, committed 2944K, reserved 1048576K
}
Event: 24.736 GC heap after
{Heap after GC invocations=42 (full 2):
 garbage-first heap   total 409600K, used 24369K [0x0000000600000000, 0x0000000800000000)
  region size 2048K, 1 young (2048K), 1 survivors (2048K)
 Metaspace       used 26538K, capacity 27115K, committed 27520K, reserved 1073152K
  class space    used 2634K, capacity 2840K, committed 2944K, reserved 1048576K
}
Event: 25.437 GC heap before
{Heap before GC invocations=42 (full 2):
 garbage-first heap   total 409600K, used 268081K [0x0000000600000000, 0x0000000800000000)
  region size 2048K, 120 young (245760K), 1 survivors (2048K)
 Metaspace       used 26538K, capacity 27115K, committed 27520K, reserved 1073152K
  class space    used 2634K, capacity 2840K, committed 2944K, reserved 1048576K
}
Event: 25.440 GC heap after
{Heap after GC invocations=43 (full 2):
 garbage-first heap   total 409600K, used 24373K [0x0000000600000000, 0x0000000800000000)
  region size 2048K, 1 young (2048K), 1 survivors (2048K)
 Metaspace       used 26538K, capacity 27115K, committed 27520K, reserved 1073152K
  class space    used 2634K, capacity 2840K, committed 2944K, reserved 1048576K
}
Event: 26.163 GC heap before
{Heap before GC invocations=43 (full 2):
 garbage-first heap   total 409600K, used 268085K [0x0000000600000000, 0x0000000800000000)
  region size 2048K, 120 young (245760K), 1 survivors (2048K)
 Metaspace       used 26538K, capacity 27115K, committed 27520K, reserved 1073152K
  class space    used 2634K, capacity 2840K, committed 2944K, reserved 1048576K
}
Event: 26.166 GC heap after
{Heap after GC invocations=44 (full 2):
 garbage-first heap   total 409600K, used 24374K [0x0000000600000000, 0x0000000800000000)
  region size 2048K, 1 young (2048K), 1 survivors (2048K)
 Metaspace       used 26538K, capacity 27115K, committed 27520K, reserved 1073152K
  class space    used 2634K, capacity 2840K, committed 2944K, reserved 1048576K
}
Event: 26.851 GC heap before
{Heap before GC invocations=44 (full 2):
 garbage-first heap   total 409600K, used 268086K [0x0000000600000000, 0x0000000800000000)
  region size 2048K, 120 young (245760K), 1 survivors (2048K)
 Metaspace       used 26544K, capacity 27115K, committed 27520K, reserved 1073152K
  class space    used 2634K, capacity 2840K, committed 2944K, reserved 1048576K
}
Event: 26.853 GC heap after
{Heap after GC invocations=45 (full 2):
 garbage-first heap   total 409600K, used 24404K [0x0000000600000000, 0x0000000800000000)
  region size 2048K, 1 young (2048K), 1 survivors (2048K)
 Metaspace       used 26544K, capacity 27115K, committed 27520K, reserved 1073152K
  class space    used 2634K, capacity 2840K, committed 2944K, reserved 1048576K
}
Event: 27.538 GC heap before
{Heap before GC invocations=45 (full 2):
 garbage-first heap   total 409600K, used 268116K [0x0000000600000000, 0x0000000800000000)
  region size 2048K, 120 young (245760K), 1 survivors (2048K)
 Metaspace       used 26560K, capacity 27115K, committed 27520K, reserved 1073152K
  class space    used 2634K, capacity 2840K, committed 2944K, reserved 1048576K
}
Event: 27.540 GC heap after
{Heap after GC invocations=46 (full 2):
 garbage-first heap   total 409600K, used 24408K [0x0000000600000000, 0x0000000800000000)
  region size 2048K, 1 young (2048K), 1 survivors (2048K)
 Metaspace       used 26560K, capacity 27115K, committed 27520K, reserved 1073152K
  class space    used 2634K, capacity 2840K, committed 2944K, reserved 1048576K
}
Event: 28.303 GC heap before
{Heap before GC invocations=46 (full 2):
 garbage-first heap   total 409600K, used 268120K [0x0000000600000000, 0x0000000800000000)
  region size 2048K, 120 young (245760K), 1 survivors (2048K)
 Metaspace       used 26560K, capacity 27115K, committed 27520K, reserved 1073152K
  class space    used 2634K, capacity 2840K, committed 2944K, reserved 1048576K
}
Event: 28.305 GC heap after
{Heap after GC invocations=47 (full 2):
 garbage-first heap   total 409600K, used 24425K [0x0000000600000000, 0x0000000800000000)
  region size 2048K, 1 young (2048K), 1 survivors (2048K)
 Metaspace       used 26560K, capacity 27115K, committed 27520K, reserved 1073152K
  class space    used 2634K, capacity 2840K, committed 2944K, reserved 1048576K
}

