# JRE version: OpenJDK Runtime Environment Temurin-11.0.17+8 (11.0.17+8) (build 11.0.17+8)
# Java VM: OpenJDK 64-Bit Server VM Temurin-11.0.17+8 (11.0.17+8, mixed mode, tiered, compressed oops, g1 gc, bsd-amd64)
Heap:
 garbage-first heap   total 34816K, used 8612K [0x0000000600000000, 0x0000000800000000)
  region size 2048K, 3 young (6144K), 1 survivors (2048K)
 Metaspace       used 24707K, capacity 25220K, committed 25600K, reserved 1073152K
  class space    used 2543K, capacity 2762K, committed 2816K, reserved 1048576K
GC Heap History (6 events):
Event: 3.000 GC heap before
{Heap before GC invocations=0 (full 0):
 garbage-first heap   total 524288K, used 18432K [0x0000000600000000, 0x0000000800000000)
  region size 2048K, 9 young (18432K), 0 survivors (0K)
 Metaspace       used 18673K, capacity 19109K, committed 19456K, reserved 1067008K
  class space    used 2046K, capacity 2253K, committed 2304K, reserved 1048576K
}
Event: 3.020 GC heap after
{Heap after GC invocations=1 (full 1):
 garbage-first heap   total 69632K, used 6827K [0x0000000600000000, 0x0000000800000000)
  region size 2048K, 0 young (0K), 0 survivors (0K)
 Metaspace       used 18673K, capacity 19109K, committed 19456K, reserved 1067008K
  class space    used 2046K, capacity 2253K, committed 2304K, reserved 1048576K
}
Event: 3.020 GC heap before
{Heap before GC invocations=1 (full 1):
 garbage-first heap   total 69632K, used 6827K [0x0000000600000000, 0x0000000800000000)
  region size 2048K, 0 young (0K), 0 survivors (0K)
 Metaspace       used 18673K, capacity 19109K, committed 19456K, reserved 1067008K
  class space    used 2046K, capacity 2253K, committed 2304K, reserved 1048576K
}
Event: 3.028 GC heap after
{Heap after GC invocations=2 (full 2):
 garbage-first heap   total 34816K, used 6827K [0x0000000600000000, 0x0000000800000000)
  region size 2048K, 0 young (0K), 0 survivors (0K)
 Metaspace       used 18673K, capacity 19109K, committed 19456K, reserved 1067008K
  class space    used 2046K, capacity 2253K, committed 2304K, reserved 1048576K
}
Event: 3.433 GC heap before
{Heap before GC invocations=2 (full 2):
 garbage-first heap   total 34816K, used 15019K [0x0000000600000000, 0x0000000800000000)
  region size 2048K, 5 young (10240K), 0 survivors (0K)
 Metaspace       used 23332K, capacity 23838K, committed 24192K, reserved 1071104K
  class space    used 2403K, capacity 2601K, committed 2688K, reserved 1048576K
}
Event: 3.436 GC heap after
{Heap after GC invocations=3 (full 2):
 garbage-first heap   total 34816K, used 8612K [0x0000000600000000, 0x0000000800000000)
  region size 2048K, 1 young (2048K), 1 survivors (2048K)
 Metaspace       used 23332K, capacity 23838K, committed 24192K, reserved 1071104K
  class space    used 2403K, capacity 2601K, committed 2688K, reserved 1048576K
}

