# JRE version: OpenJDK Runtime Environment Temurin-11.0.17+8 (11.0.17+8) (build 11.0.17+8)
# Java VM: OpenJDK 64-Bit Server VM Temurin-11.0.17+8 (11.0.17+8, mixed mode, tiered, compressed oops, g1 gc, bsd-amd64)
Heap:
 garbage-first heap   total 276480K, used 83355K [0x0000000600000000, 0x0000000800000000)
  region size 2048K, 38 young (77824K), 1 survivors (2048K)
 Metaspace       used 25555K, capacity 26056K, committed 26624K, reserved 1073152K
  class space    used 2561K, capacity 2763K, committed 2816K, reserved 1048576K
GC Heap History (20 events):
Event: 4.318 GC heap before
{Heap before GC invocations=6 (full 2):
 garbage-first heap   total 28672K, used 15794K [0x0000000600000000, 0x0000000800000000)
  region size 2048K, 4 young (8192K), 1 survivors (2048K)
 Metaspace       used 25166K, capacity 25672K, committed 26112K, reserved 1073152K
  class space    used 2559K, capacity 2763K, committed 2816K, reserved 1048576K
}
Event: 4.320 GC heap after
{Heap after GC invocations=7 (full 2):
 garbage-first heap   total 28672K, used 9627K [0x0000000600000000, 0x0000000800000000)
  region size 2048K, 1 young (2048K), 1 survivors (2048K)
 Metaspace       used 25166K, capacity 25672K, committed 26112K, reserved 1073152K
  class space    used 2559K, capacity 2763K, committed 2816K, reserved 1048576K
}
Event: 4.362 GC heap before
{Heap before GC invocations=7 (full 2):
 garbage-first heap   total 28672K, used 15771K [0x0000000600000000, 0x0000000800000000)
  region size 2048K, 4 young (8192K), 1 survivors (2048K)
 Metaspace       used 25172K, capacity 25672K, committed 26112K, reserved 1073152K
  class space    used 2559K, capacity 2763K, committed 2816K, reserved 1048576K
}
Event: 4.364 GC heap after
{Heap after GC invocations=8 (full 2):
 garbage-first heap   total 28672K, used 9662K [0x0000000600000000, 0x0000000800000000)
  region size 2048K, 1 young (2048K), 1 survivors (2048K)
 Metaspace       used 25172K, capacity 25672K, committed 26112K, reserved 1073152K
  class space    used 2559K, capacity 2763K, committed 2816K, reserved 1048576K
}
Event: 4.415 GC heap before
{Heap before GC invocations=8 (full 2):
 garbage-first heap   total 28672K, used 15806K [0x0000000600000000, 0x0000000800000000)
  region size 2048K, 4 young (8192K), 1 survivors (2048K)
 Metaspace       used 25190K, capacity 25672K, committed 26112K, reserved 1073152K
  class space    used 2559K, capacity 2763K, committed 2816K, reserved 1048576K
}
Event: 4.417 GC heap after
{Heap after GC invocations=9 (full 2):
 garbage-first heap   total 28672K, used 9631K [0x0000000600000000, 0x0000000800000000)
  region size 2048K, 1 young (2048K), 1 survivors (2048K)
 Metaspace       used 25190K, capacity 25672K, committed 26112K, reserved 1073152K
  class space    used 2559K, capacity 2763K, committed 2816K, reserved 1048576K
}
Event: 4.462 GC heap before
{Heap before GC invocations=9 (full 2):
 garbage-first heap   total 28672K, used 15775K [0x0000000600000000, 0x0000000800000000)
  region size 2048K, 4 young (8192K), 1 survivors (2048K)
 Metaspace       used 25218K, capacity 25672K, committed 26112K, reserved 1073152K
  class space    used 2559K, capacity 2763K, committed 2816K, reserved 1048576K
}
Event: 4.465 GC heap after
{Heap after GC invocations=10 (full 2):
 garbage-first heap   total 28672K, used 9657K [0x0000000600000000, 0x0000000800000000)
  region size 2048K, 1 young (2048K), 1 survivors (2048K)
 Metaspace       used 25218K, capacity 25672K, committed 26112K, reserved 1073152K
  class space    used 2559K, capacity 2763K, committed 2816K, reserved 1048576K
}
Event: 4.517 GC heap before
{Heap before GC invocations=10 (full 2):
 garbage-first heap   total 28672K, used 15801K [0x0000000600000000, 0x0000000800000000)
  region size 2048K, 4 young (8192K), 1 survivors (2048K)
 Metaspace       used 25222K, capacity 25672K, committed 26112K, reserved 1073152K
  class space    used 2559K, capacity 2763K, committed 2816K, reserved 1048576K
}
Event: 4.519 GC heap after
{Heap after GC invocations=11 (full 2):
 garbage-first heap   total 28672K, used 9647K [0x0000000600000000, 0x0000000800000000)
  region size 2048K, 1 young (2048K), 1 survivors (2048K)
 Metaspace       used 25222K, capacity 25672K, committed 26112K, reserved 1073152K
  class space    used 2559K, capacity 2763K, committed 2816K, reserved 1048576K
}
Event: 4.562 GC heap before
{Heap before GC invocations=11 (full 2):
 garbage-first heap   total 28672K, used 15791K [0x0000000600000000, 0x0000000800000000)
  region size 2048K, 4 young (8192K), 1 survivors (2048K)
 Metaspace       used 25228K, capacity 25800K, committed 26368K, reserved 1073152K
  class space    used 2559K, capacity 2763K, committed 2816K, reserved 1048576K
}
Event: 4.573 GC heap after
{Heap after GC invocations=12 (full 2):
 garbage-first heap   total 28672K, used 9627K [0x0000000600000000, 0x0000000800000000)
  region size 2048K, 1 young (2048K), 1 survivors (2048K)
 Metaspace       used 25228K, capacity 25800K, committed 26368K, reserved 1073152K
  class space    used 2559K, capacity 2763K, committed 2816K, reserved 1048576K
}
Event: 4.617 GC heap before
{Heap before GC invocations=12 (full 2):
 garbage-first heap   total 28672K, used 15771K [0x0000000600000000, 0x0000000800000000)
  region size 2048K, 4 young (8192K), 1 survivors (2048K)
 Metaspace       used 25237K, capacity 25800K, committed 26368K, reserved 1073152K
  class space    used 2559K, capacity 2763K, committed 2816K, reserved 1048576K
}
Event: 4.620 GC heap after
{Heap after GC invocations=13 (full 2):
 garbage-first heap   total 28672K, used 9623K [0x0000000600000000, 0x0000000800000000)
  region size 2048K, 1 young (2048K), 1 survivors (2048K)
 Metaspace       used 25237K, capacity 25800K, committed 26368K, reserved 1073152K
  class space    used 2559K, capacity 2763K, committed 2816K, reserved 1048576K
}
Event: 4.679 GC heap before
{Heap before GC invocations=13 (full 2):
 garbage-first heap   total 28672K, used 17815K [0x0000000600000000, 0x0000000800000000)
  region size 2048K, 5 young (10240K), 1 survivors (2048K)
 Metaspace       used 25242K, capacity 25800K, committed 26368K, reserved 1073152K
  class space    used 2559K, capacity 2763K, committed 2816K, reserved 1048576K
}
Event: 4.682 GC heap after
{Heap after GC invocations=14 (full 2):
 garbage-first heap   total 28672K, used 9654K [0x0000000600000000, 0x0000000800000000)
  region size 2048K, 1 young (2048K), 1 survivors (2048K)
 Metaspace       used 25242K, capacity 25800K, committed 26368K, reserved 1073152K
  class space    used 2559K, capacity 2763K, committed 2816K, reserved 1048576K
}
Event: 4.749 GC heap before
{Heap before GC invocations=14 (full 2):
 garbage-first heap   total 28672K, used 17846K [0x0000000600000000, 0x0000000800000000)
  region size 2048K, 5 young (10240K), 1 survivors (2048K)
 Metaspace       used 25257K, capacity 25800K, committed 26368K, reserved 1073152K
  class space    used 2559K, capacity 2763K, committed 2816K, reserved 1048576K
}
Event: 4.756 GC heap after
{Heap after GC invocations=15 (full 2):
 garbage-first heap   total 276480K, used 9628K [0x0000000600000000, 0x0000000800000000)
  region size 2048K, 1 young (2048K), 1 survivors (2048K)
 Metaspace       used 25257K, capacity 25800K, committed 26368K, reserved 1073152K
  class space    used 2559K, capacity 2763K, committed 2816K, reserved 1048576K
}
Event: 5.967 GC heap before
{Heap before GC invocations=15 (full 2):
 garbage-first heap   total 276480K, used 132508K [0x0000000600000000, 0x0000000800000000)
  region size 2048K, 61 young (124928K), 1 survivors (2048K)
 Metaspace       used 25477K, capacity 25992K, committed 26368K, reserved 1073152K
  class space    used 2560K, capacity 2763K, committed 2816K, reserved 1048576K
}
Event: 5.976 GC heap after
{Heap after GC invocations=16 (full 2):
 garbage-first heap   total 276480K, used 9627K [0x0000000600000000, 0x0000000800000000)
  region size 2048K, 1 young (2048K), 1 survivors (2048K)
 Metaspace       used 25477K, capacity 25992K, committed 26368K, reserved 1073152K
  class space    used 2560K, capacity 2763K, committed 2816K, reserved 1048576K
}

