# JRE version: OpenJDK Runtime Environment Temurin-11.0.17+8 (11.0.17+8) (build 11.0.17+8)
# Java VM: OpenJDK 64-Bit Server VM Temurin-11.0.17+8 (11.0.17+8, mixed mode, tiered, compressed oops, g1 gc, bsd-amd64)
Heap:
 garbage-first heap   total 430080K, used 23627K [0x0000000600000000, 0x0000000800000000)
  region size 2048K, 9 young (18432K), 1 survivors (2048K)
 Metaspace       used 25455K, capacity 25990K, committed 26624K, reserved 1073152K
  class space    used 2562K, capacity 2763K, committed 2816K, reserved 1048576K
GC Heap History (20 events):
Event: 7.641 GC heap before
{Heap before GC invocations=21 (full 2):
 garbage-first heap   total 358400K, used 222243K [0x0000000600000000, 0x0000000800000000)
  region size 2048K, 105 young (215040K), 1 survivors (2048K)
 Metaspace       used 25311K, capacity 25798K, committed 26368K, reserved 1073152K
  class space    used 2561K, capacity 2763K, committed 2816K, reserved 1048576K
}
Event: 7.644 GC heap after
{Heap after GC invocations=22 (full 2):
 garbage-first heap   total 358400K, used 9257K [0x0000000600000000, 0x0000000800000000)
  region size 2048K, 1 young (2048K), 1 survivors (2048K)
 Metaspace       used 25311K, capacity 25798K, committed 26368K, reserved 1073152K
  class space    used 2561K, capacity 2763K, committed 2816K, reserved 1048576K
}
Event: 8.190 GC heap before
{Heap before GC invocations=22 (full 2):
 garbage-first heap   total 358400K, used 222249K [0x0000000600000000, 0x0000000800000000)
  region size 2048K, 105 young (215040K), 1 survivors (2048K)
 Metaspace       used 25322K, capacity 25798K, committed 26368K, reserved 1073152K
  class space    used 2561K, capacity 2763K, committed 2816K, reserved 1048576K
}
Event: 8.192 GC heap after
{Heap after GC invocations=23 (full 2):
 garbage-first heap   total 358400K, used 9251K [0x0000000600000000, 0x0000000800000000)
  region size 2048K, 1 young (2048K), 1 survivors (2048K)
 Metaspace       used 25322K, capacity 25798K, committed 26368K, reserved 1073152K
  class space    used 2561K, capacity 2763K, committed 2816K, reserved 1048576K
}
Event: 8.728 GC heap before
{Heap before GC invocations=23 (full 2):
 garbage-first heap   total 358400K, used 222243K [0x0000000600000000, 0x0000000800000000)
  region size 2048K, 105 young (215040K), 1 survivors (2048K)
 Metaspace       used 25349K, capacity 25862K, committed 26368K, reserved 1073152K
  class space    used 2561K, capacity 2763K, committed 2816K, reserved 1048576K
}
Event: 8.731 GC heap after
{Heap after GC invocations=24 (full 2):
 garbage-first heap   total 358400K, used 9255K [0x0000000600000000, 0x0000000800000000)
  region size 2048K, 1 young (2048K), 1 survivors (2048K)
 Metaspace       used 25349K, capacity 25862K, committed 26368K, reserved 1073152K
  class space    used 2561K, capacity 2763K, committed 2816K, reserved 1048576K
}
Event: 9.258 GC heap before
{Heap before GC invocations=24 (full 2):
 garbage-first heap   total 358400K, used 222247K [0x0000000600000000, 0x0000000800000000)
  region size 2048K, 105 young (215040K), 1 survivors (2048K)
 Metaspace       used 25359K, capacity 25862K, committed 26368K, reserved 1073152K
  class space    used 2561K, capacity 2763K, committed 2816K, reserved 1048576K
}
Event: 9.261 GC heap after
{Heap after GC invocations=25 (full 2):
 garbage-first heap   total 358400K, used 9264K [0x0000000600000000, 0x0000000800000000)
  region size 2048K, 1 young (2048K), 1 survivors (2048K)
 Metaspace       used 25359K, capacity 25862K, committed 26368K, reserved 1073152K
  class space    used 2561K, capacity 2763K, committed 2816K, reserved 1048576K
}
Event: 9.801 GC heap before
{Heap before GC invocations=25 (full 2):
 garbage-first heap   total 358400K, used 222256K [0x0000000600000000, 0x0000000800000000)
  region size 2048K, 105 young (215040K), 1 survivors (2048K)
 Metaspace       used 25376K, capacity 25862K, committed 26368K, reserved 1073152K
  class space    used 2561K, capacity 2763K, committed 2816K, reserved 1048576K
}
Event: 9.812 GC heap after
{Heap after GC invocations=26 (full 2):
 garbage-first heap   total 358400K, used 9268K [0x0000000600000000, 0x0000000800000000)
  region size 2048K, 1 young (2048K), 1 survivors (2048K)
 Metaspace       used 25376K, capacity 25862K, committed 26368K, reserved 1073152K
  class space    used 2561K, capacity 2763K, committed 2816K, reserved 1048576K
}
Event: 10.342 GC heap before
{Heap before GC invocations=26 (full 2):
 garbage-first heap   total 358400K, used 222260K [0x0000000600000000, 0x0000000800000000)
  region size 2048K, 105 young (215040K), 1 survivors (2048K)
 Metaspace       used 25407K, capacity 25862K, committed 26368K, reserved 1073152K
  class space    used 2561K, capacity 2763K, committed 2816K, reserved 1048576K
}
Event: 10.344 GC heap after
{Heap after GC invocations=27 (full 2):
 garbage-first heap   total 358400K, used 9275K [0x0000000600000000, 0x0000000800000000)
  region size 2048K, 1 young (2048K), 1 survivors (2048K)
 Metaspace       used 25407K, capacity 25862K, committed 26368K, reserved 1073152K
  class space    used 2561K, capacity 2763K, committed 2816K, reserved 1048576K
}
Event: 10.865 GC heap before
{Heap before GC invocations=27 (full 2):
 garbage-first heap   total 358400K, used 222267K [0x0000000600000000, 0x0000000800000000)
  region size 2048K, 105 young (215040K), 1 survivors (2048K)
 Metaspace       used 25410K, capacity 25862K, committed 26368K, reserved 1073152K
  class space    used 2561K, capacity 2763K, committed 2816K, reserved 1048576K
}
Event: 10.873 GC heap after
{Heap after GC invocations=28 (full 2):
 garbage-first heap   total 358400K, used 9283K [0x0000000600000000, 0x0000000800000000)
  region size 2048K, 1 young (2048K), 1 survivors (2048K)
 Metaspace       used 25410K, capacity 25862K, committed 26368K, reserved 1073152K
  class space    used 2561K, capacity 2763K, committed 2816K, reserved 1048576K
}
Event: 11.385 GC heap before
{Heap before GC invocations=28 (full 2):
 garbage-first heap   total 358400K, used 222275K [0x0000000600000000, 0x0000000800000000)
  region size 2048K, 105 young (215040K), 1 survivors (2048K)
 Metaspace       used 25411K, capacity 25926K, committed 26368K, reserved 1073152K
  class space    used 2561K, capacity 2763K, committed 2816K, reserved 1048576K
}
Event: 11.388 GC heap after
{Heap after GC invocations=29 (full 2):
 garbage-first heap   total 430080K, used 9281K [0x0000000600000000, 0x0000000800000000)
  region size 2048K, 1 young (2048K), 1 survivors (2048K)
 Metaspace       used 25411K, capacity 25926K, committed 26368K, reserved 1073152K
  class space    used 2561K, capacity 2763K, committed 2816K, reserved 1048576K
}
Event: 12.050 GC heap before
{Heap before GC invocations=29 (full 2):
 garbage-first heap   total 430080K, used 265281K [0x0000000600000000, 0x0000000800000000)
  region size 2048K, 126 young (258048K), 1 survivors (2048K)
 Metaspace       used 25413K, capacity 25926K, committed 26368K, reserved 1073152K
  class space    used 2561K, capacity 2763K, committed 2816K, reserved 1048576K
}
Event: 12.053 GC heap after
{Heap after GC invocations=30 (full 2):
 garbage-first heap   total 430080K, used 9289K [0x0000000600000000, 0x0000000800000000)
  region size 2048K, 1 young (2048K), 1 survivors (2048K)
 Metaspace       used 25413K, capacity 25926K, committed 26368K, reserved 1073152K
  class space    used 2561K, capacity 2763K, committed 2816K, reserved 1048576K
}
Event: 12.692 GC heap before
{Heap before GC invocations=30 (full 2):
 garbage-first heap   total 430080K, used 265289K [0x0000000600000000, 0x0000000800000000)
  region size 2048K, 126 young (258048K), 1 survivors (2048K)
 Metaspace       used 25432K, capacity 25990K, committed 26624K, reserved 1073152K
  class space    used 2561K, capacity 2763K, committed 2816K, reserved 1048576K
}
Event: 12.698 GC heap after
{Heap after GC invocations=31 (full 2):
 garbage-first heap   total 430080K, used 9291K [0x0000000600000000, 0x0000000800000000)
  region size 2048K, 1 young (2048K), 1 survivors (2048K)
 Metaspace       used 25432K, capacity 25990K, committed 26624K, reserved 1073152K
  class space    used 2561K, capacity 2763K, committed 2816K, reserved 1048576K
}

