# JRE version: OpenJDK Runtime Environment Temurin-11.0.17+8 (11.0.17+8) (build 11.0.17+8)
# Java VM: OpenJDK 64-Bit Server VM Temurin-11.0.17+8 (11.0.17+8, mixed mode, tiered, compressed oops, g1 gc, bsd-amd64)
Heap:
 garbage-first heap   total 28672K, used 11489K [0x0000000600000000, 0x0000000800000000)
  region size 2048K, 3 young (6144K), 1 survivors (2048K)
 Metaspace       used 25647K, capacity 26182K, committed 26624K, reserved 1073152K
  class space    used 2561K, capacity 2763K, committed 2816K, reserved 1048576K
GC Heap History (20 events):
Event: 4.785 GC heap before
{Heap before GC invocations=2 (full 2):
 garbage-first heap   total 28672K, used 15124K [0x0000000600000000, 0x0000000800000000)
  region size 2048K, 4 young (8192K), 0 survivors (0K)
 Metaspace       used 22574K, capacity 23070K, committed 23296K, reserved 1071104K
  class space    used 2341K, capacity 2537K, committed 2560K, reserved 1048576K
}
Event: 4.793 GC heap after
{Heap after GC invocations=3 (full 2):
 garbage-first heap   total 28672K, used 8601K [0x0000000600000000, 0x0000000800000000)
  region size 2048K, 1 young (2048K), 1 survivors (2048K)
 Metaspace       used 22574K, capacity 23070K, committed 23296K, reserved 1071104K
  class space    used 2341K, capacity 2537K, committed 2560K, reserved 1048576K
}
Event: 5.067 GC heap before
{Heap before GC invocations=3 (full 2):
 garbage-first heap   total 28672K, used 12697K [0x0000000600000000, 0x0000000800000000)
  region size 2048K, 4 young (8192K), 1 survivors (2048K)
 Metaspace       used 24660K, capacity 25189K, committed 25600K, reserved 1073152K
  class space    used 2534K, capacity 2731K, committed 2816K, reserved 1048576K
}
Event: 5.072 GC heap after
{Heap after GC invocations=4 (full 2):
 garbage-first heap   total 28672K, used 9370K [0x0000000600000000, 0x0000000800000000)
  region size 2048K, 1 young (2048K), 1 survivors (2048K)
 Metaspace       used 24660K, capacity 25189K, committed 25600K, reserved 1073152K
  class space    used 2534K, capacity 2731K, committed 2816K, reserved 1048576K
}
Event: 5.500 GC heap before
{Heap before GC invocations=4 (full 2):
 garbage-first heap   total 28672K, used 13466K [0x0000000600000000, 0x0000000800000000)
  region size 2048K, 3 young (6144K), 1 survivors (2048K)
 Metaspace       used 25174K, capacity 25670K, committed 26112K, reserved 1073152K
  class space    used 2559K, capacity 2763K, committed 2816K, reserved 1048576K
}
Event: 5.503 GC heap after
{Heap after GC invocations=5 (full 2):
 garbage-first heap   total 28672K, used 9407K [0x0000000600000000, 0x0000000800000000)
  region size 2048K, 1 young (2048K), 1 survivors (2048K)
 Metaspace       used 25174K, capacity 25670K, committed 26112K, reserved 1073152K
  class space    used 2559K, capacity 2763K, committed 2816K, reserved 1048576K
}
Event: 6.866 GC heap before
{Heap before GC invocations=5 (full 2):
 garbage-first heap   total 28672K, used 15551K [0x0000000600000000, 0x0000000800000000)
  region size 2048K, 4 young (8192K), 1 survivors (2048K)
 Metaspace       used 25412K, capacity 25926K, committed 26368K, reserved 1073152K
  class space    used 2559K, capacity 2763K, committed 2816K, reserved 1048576K
}
Event: 6.876 GC heap after
{Heap after GC invocations=6 (full 2):
 garbage-first heap   total 28672K, used 9403K [0x0000000600000000, 0x0000000800000000)
  region size 2048K, 1 young (2048K), 1 survivors (2048K)
 Metaspace       used 25412K, capacity 25926K, committed 26368K, reserved 1073152K
  class space    used 2559K, capacity 2763K, committed 2816K, reserved 1048576K
}
Event: 8.124 GC heap before
{Heap before GC invocations=6 (full 2):
 garbage-first heap   total 28672K, used 15547K [0x0000000600000000, 0x0000000800000000)
  region size 2048K, 4 young (8192K), 1 survivors (2048K)
 Metaspace       used 25523K, capacity 26054K, committed 26368K, reserved 1073152K
  class space    used 2560K, capacity 2763K, committed 2816K, reserved 1048576K
}
Event: 8.130 GC heap after
{Heap after GC invocations=7 (full 2):
 garbage-first heap   total 28672K, used 9442K [0x0000000600000000, 0x0000000800000000)
  region size 2048K, 1 young (2048K), 1 survivors (2048K)
 Metaspace       used 25523K, capacity 26054K, committed 26368K, reserved 1073152K
  class space    used 2560K, capacity 2763K, committed 2816K, reserved 1048576K
}
Event: 9.495 GC heap before
{Heap before GC invocations=7 (full 2):
 garbage-first heap   total 28672K, used 15586K [0x0000000600000000, 0x0000000800000000)
  region size 2048K, 4 young (8192K), 1 survivors (2048K)
 Metaspace       used 25574K, capacity 26118K, committed 26624K, reserved 1073152K
  class space    used 2560K, capacity 2763K, committed 2816K, reserved 1048576K
}
Event: 9.502 GC heap after
{Heap after GC invocations=8 (full 2):
 garbage-first heap   total 28672K, used 9429K [0x0000000600000000, 0x0000000800000000)
  region size 2048K, 1 young (2048K), 1 survivors (2048K)
 Metaspace       used 25574K, capacity 26118K, committed 26624K, reserved 1073152K
  class space    used 2560K, capacity 2763K, committed 2816K, reserved 1048576K
}
Event: 10.936 GC heap before
{Heap before GC invocations=8 (full 2):
 garbage-first heap   total 28672K, used 15573K [0x0000000600000000, 0x0000000800000000)
  region size 2048K, 4 young (8192K), 1 survivors (2048K)
 Metaspace       used 25627K, capacity 26182K, committed 26624K, reserved 1073152K
  class space    used 2560K, capacity 2763K, committed 2816K, reserved 1048576K
}
Event: 10.944 GC heap after
{Heap after GC invocations=9 (full 2):
 garbage-first heap   total 28672K, used 9441K [0x0000000600000000, 0x0000000800000000)
  region size 2048K, 1 young (2048K), 1 survivors (2048K)
 Metaspace       used 25627K, capacity 26182K, committed 26624K, reserved 1073152K
  class space    used 2560K, capacity 2763K, committed 2816K, reserved 1048576K
}
Event: 12.319 GC heap before
{Heap before GC invocations=9 (full 2):
 garbage-first heap   total 28672K, used 15585K [0x0000000600000000, 0x0000000800000000)
  region size 2048K, 4 young (8192K), 1 survivors (2048K)
 Metaspace       used 25627K, capacity 26182K, committed 26624K, reserved 1073152K
  class space    used 2560K, capacity 2763K, committed 2816K, reserved 1048576K
}
Event: 12.329 GC heap after
{Heap after GC invocations=10 (full 2):
 garbage-first heap   total 28672K, used 9418K [0x0000000600000000, 0x0000000800000000)
  region size 2048K, 1 young (2048K), 1 survivors (2048K)
 Metaspace       used 25627K, capacity 26182K, committed 26624K, reserved 1073152K
  class space    used 2560K, capacity 2763K, committed 2816K, reserved 1048576K
}
Event: 13.785 GC heap before
{Heap before GC invocations=10 (full 2):
 garbage-first heap   total 28672K, used 15562K [0x0000000600000000, 0x0000000800000000)
  region size 2048K, 4 young (8192K), 1 survivors (2048K)
 Metaspace       used 25627K, capacity 26182K, committed 26624K, reserved 1073152K
  class space    used 2560K, capacity 2763K, committed 2816K, reserved 1048576K
}
Event: 13.792 GC heap after
{Heap after GC invocations=11 (full 2):
 garbage-first heap   total 28672K, used 9425K [0x0000000600000000, 0x0000000800000000)
  region size 2048K, 1 young (2048K), 1 survivors (2048K)
 Metaspace       used 25627K, capacity 26182K, committed 26624K, reserved 1073152K
  class space    used 2560K, capacity 2763K, committed 2816K, reserved 1048576K
}
Event: 15.441 GC heap before
{Heap before GC invocations=11 (full 2):
 garbage-first heap   total 28672K, used 15569K [0x0000000600000000, 0x0000000800000000)
  region size 2048K, 4 young (8192K), 1 survivors (2048K)
 Metaspace       used 25627K, capacity 26182K, committed 26624K, reserved 1073152K
  class space    used 2560K, capacity 2763K, committed 2816K, reserved 1048576K
}
Event: 15.450 GC heap after
{Heap after GC invocations=12 (full 2):
 garbage-first heap   total 28672K, used 9441K [0x0000000600000000, 0x0000000800000000)
  region size 2048K, 1 young (2048K), 1 survivors (2048K)
 Metaspace       used 25627K, capacity 26182K, committed 26624K, reserved 1073152K
  class space    used 2560K, capacity 2763K, committed 2816K, reserved 1048576K
}

